<?xml version="1.0" encoding="UTF-8"?>
<!-- Generated by org.testng.reporters.JUnitReportReporter -->
<testsuite skipped="0" hostname="AstroLappy" name="pageObjects.StoreTest" tests="1" failures="0" timestamp="2021-06-20T21:20:33 AEST" time="0.002" errors="0">
  <testcase name="testCase1" time="0.002" classname="pageObjects.StoreTest"/>
  <system-out/>
</testsuite> <!-- pageObjects.StoreTest -->
